Determining if the include file malloc/malloc.h exists failed with the following output:
Change Dir: /home/nansan/Documents/llvm-3.7/cmake-build-debug/CMakeFiles/CMakeTmp

Run Build Command(s):/usr/bin/make cmTC_41a87/fast && /usr/bin/make -f CMakeFiles/cmTC_41a87.dir/build.make CMakeFiles/cmTC_41a87.dir/build
make[1]: Entering directory '/home/nansan/Documents/llvm-3.7/cmake-build-debug/CMakeFiles/CMakeTmp'
Building C object CMakeFiles/cmTC_41a87.dir/CheckIncludeFile.c.o
/usr/bin/cc    -o CMakeFiles/cmTC_41a87.dir/CheckIncludeFile.c.o   -c /home/nansan/Documents/llvm-3.7/cmake-build-debug/CMakeFiles/CMakeTmp/CheckIncludeFile.c
/home/nansan/Documents/llvm-3.7/cmake-build-debug/CMakeFiles/CMakeTmp/CheckIncludeFile.c:1:10: fatal error: malloc/malloc.h: No such file or directory
    1 | #include <malloc/malloc.h>
      |          ^~~~~~~~~~~~~~~~~
compilation terminated.
make[1]: *** [CMakeFiles/cmTC_41a87.dir/build.make:66: CMakeFiles/cmTC_41a87.dir/CheckIncludeFile.c.o] Error 1
make[1]: Leaving directory '/home/nansan/Documents/llvm-3.7/cmake-build-debug/CMakeFiles/CMakeTmp'
make: *** [Makefile:121: cmTC_41a87/fast] Error 2



Determining if the include file ndir.h exists failed with the following output:
Change Dir: /home/nansan/Documents/llvm-3.7/cmake-build-debug/CMakeFiles/CMakeTmp

Run Build Command(s):/usr/bin/make cmTC_ec8cc/fast && /usr/bin/make -f CMakeFiles/cmTC_ec8cc.dir/build.make CMakeFiles/cmTC_ec8cc.dir/build
make[1]: Entering directory '/home/nansan/Documents/llvm-3.7/cmake-build-debug/CMakeFiles/CMakeTmp'
Building C object CMakeFiles/cmTC_ec8cc.dir/CheckIncludeFile.c.o
/usr/bin/cc    -o CMakeFiles/cmTC_ec8cc.dir/CheckIncludeFile.c.o   -c /home/nansan/Documents/llvm-3.7/cmake-build-debug/CMakeFiles/CMakeTmp/CheckIncludeFile.c
/home/nansan/Documents/llvm-3.7/cmake-build-debug/CMakeFiles/CMakeTmp/CheckIncludeFile.c:1:10: fatal error: ndir.h: No such file or directory
    1 | #include <ndir.h>
      |          ^~~~~~~~
compilation terminated.
make[1]: *** [CMakeFiles/cmTC_ec8cc.dir/build.make:66: CMakeFiles/cmTC_ec8cc.dir/CheckIncludeFile.c.o] Error 1
make[1]: Leaving directory '/home/nansan/Documents/llvm-3.7/cmake-build-debug/CMakeFiles/CMakeTmp'
make: *** [Makefile:121: cmTC_ec8cc/fast] Error 2



Determining if the include file sys/ndir.h exists failed with the following output:
Change Dir: /home/nansan/Documents/llvm-3.7/cmake-build-debug/CMakeFiles/CMakeTmp

Run Build Command(s):/usr/bin/make cmTC_b3956/fast && /usr/bin/make -f CMakeFiles/cmTC_b3956.dir/build.make CMakeFiles/cmTC_b3956.dir/build
make[1]: Entering directory '/home/nansan/Documents/llvm-3.7/cmake-build-debug/CMakeFiles/CMakeTmp'
Building C object CMakeFiles/cmTC_b3956.dir/CheckIncludeFile.c.o
/usr/bin/cc    -o CMakeFiles/cmTC_b3956.dir/CheckIncludeFile.c.o   -c /home/nansan/Documents/llvm-3.7/cmake-build-debug/CMakeFiles/CMakeTmp/CheckIncludeFile.c
/home/nansan/Documents/llvm-3.7/cmake-build-debug/CMakeFiles/CMakeTmp/CheckIncludeFile.c:1:10: fatal error: sys/ndir.h: No such file or directory
    1 | #include <sys/ndir.h>
      |          ^~~~~~~~~~~~
compilation terminated.
make[1]: *** [CMakeFiles/cmTC_b3956.dir/build.make:66: CMakeFiles/cmTC_b3956.dir/CheckIncludeFile.c.o] Error 1
make[1]: Leaving directory '/home/nansan/Documents/llvm-3.7/cmake-build-debug/CMakeFiles/CMakeTmp'
make: *** [Makefile:121: cmTC_b3956/fast] Error 2



Determining if the include file valgrind/valgrind.h exists failed with the following output:
Change Dir: /home/nansan/Documents/llvm-3.7/cmake-build-debug/CMakeFiles/CMakeTmp

Run Build Command(s):/usr/bin/make cmTC_c04c0/fast && /usr/bin/make -f CMakeFiles/cmTC_c04c0.dir/build.make CMakeFiles/cmTC_c04c0.dir/build
make[1]: Entering directory '/home/nansan/Documents/llvm-3.7/cmake-build-debug/CMakeFiles/CMakeTmp'
Building C object CMakeFiles/cmTC_c04c0.dir/CheckIncludeFile.c.o
/usr/bin/cc    -o CMakeFiles/cmTC_c04c0.dir/CheckIncludeFile.c.o   -c /home/nansan/Documents/llvm-3.7/cmake-build-debug/CMakeFiles/CMakeTmp/CheckIncludeFile.c
/home/nansan/Documents/llvm-3.7/cmake-build-debug/CMakeFiles/CMakeTmp/CheckIncludeFile.c:1:10: fatal error: valgrind/valgrind.h: No such file or directory
    1 | #include <valgrind/valgrind.h>
      |          ^~~~~~~~~~~~~~~~~~~~~
compilation terminated.
make[1]: *** [CMakeFiles/cmTC_c04c0.dir/build.make:66: CMakeFiles/cmTC_c04c0.dir/CheckIncludeFile.c.o] Error 1
make[1]: Leaving directory '/home/nansan/Documents/llvm-3.7/cmake-build-debug/CMakeFiles/CMakeTmp'
make: *** [Makefile:121: cmTC_c04c0/fast] Error 2



Determining if the include file zlib.h exists failed with the following output:
Change Dir: /home/nansan/Documents/llvm-3.7/cmake-build-debug/CMakeFiles/CMakeTmp

Run Build Command(s):/usr/bin/make cmTC_75d3a/fast && /usr/bin/make -f CMakeFiles/cmTC_75d3a.dir/build.make CMakeFiles/cmTC_75d3a.dir/build
make[1]: Entering directory '/home/nansan/Documents/llvm-3.7/cmake-build-debug/CMakeFiles/CMakeTmp'
Building C object CMakeFiles/cmTC_75d3a.dir/CheckIncludeFile.c.o
/usr/bin/cc    -o CMakeFiles/cmTC_75d3a.dir/CheckIncludeFile.c.o   -c /home/nansan/Documents/llvm-3.7/cmake-build-debug/CMakeFiles/CMakeTmp/CheckIncludeFile.c
/home/nansan/Documents/llvm-3.7/cmake-build-debug/CMakeFiles/CMakeTmp/CheckIncludeFile.c:1:10: fatal error: zlib.h: No such file or directory
    1 | #include <zlib.h>
      |          ^~~~~~~~
compilation terminated.
make[1]: *** [CMakeFiles/cmTC_75d3a.dir/build.make:66: CMakeFiles/cmTC_75d3a.dir/CheckIncludeFile.c.o] Error 1
make[1]: Leaving directory '/home/nansan/Documents/llvm-3.7/cmake-build-debug/CMakeFiles/CMakeTmp'
make: *** [Makefile:121: cmTC_75d3a/fast] Error 2



Determining if the include file mach/mach.h exists failed with the following output:
Change Dir: /home/nansan/Documents/llvm-3.7/cmake-build-debug/CMakeFiles/CMakeTmp

Run Build Command(s):/usr/bin/make cmTC_7a03f/fast && /usr/bin/make -f CMakeFiles/cmTC_7a03f.dir/build.make CMakeFiles/cmTC_7a03f.dir/build
make[1]: Entering directory '/home/nansan/Documents/llvm-3.7/cmake-build-debug/CMakeFiles/CMakeTmp'
Building C object CMakeFiles/cmTC_7a03f.dir/CheckIncludeFile.c.o
/usr/bin/cc    -o CMakeFiles/cmTC_7a03f.dir/CheckIncludeFile.c.o   -c /home/nansan/Documents/llvm-3.7/cmake-build-debug/CMakeFiles/CMakeTmp/CheckIncludeFile.c
/home/nansan/Documents/llvm-3.7/cmake-build-debug/CMakeFiles/CMakeTmp/CheckIncludeFile.c:1:10: fatal error: mach/mach.h: No such file or directory
    1 | #include <mach/mach.h>
      |          ^~~~~~~~~~~~~
compilation terminated.
make[1]: *** [CMakeFiles/cmTC_7a03f.dir/build.make:66: CMakeFiles/cmTC_7a03f.dir/CheckIncludeFile.c.o] Error 1
make[1]: Leaving directory '/home/nansan/Documents/llvm-3.7/cmake-build-debug/CMakeFiles/CMakeTmp'
make: *** [Makefile:121: cmTC_7a03f/fast] Error 2



Determining if the include file mach-o/dyld.h exists failed with the following output:
Change Dir: /home/nansan/Documents/llvm-3.7/cmake-build-debug/CMakeFiles/CMakeTmp

Run Build Command(s):/usr/bin/make cmTC_bf136/fast && /usr/bin/make -f CMakeFiles/cmTC_bf136.dir/build.make CMakeFiles/cmTC_bf136.dir/build
make[1]: Entering directory '/home/nansan/Documents/llvm-3.7/cmake-build-debug/CMakeFiles/CMakeTmp'
Building C object CMakeFiles/cmTC_bf136.dir/CheckIncludeFile.c.o
/usr/bin/cc    -o CMakeFiles/cmTC_bf136.dir/CheckIncludeFile.c.o   -c /home/nansan/Documents/llvm-3.7/cmake-build-debug/CMakeFiles/CMakeTmp/CheckIncludeFile.c
/home/nansan/Documents/llvm-3.7/cmake-build-debug/CMakeFiles/CMakeTmp/CheckIncludeFile.c:1:10: fatal error: mach-o/dyld.h: No such file or directory
    1 | #include <mach-o/dyld.h>
      |          ^~~~~~~~~~~~~~~
compilation terminated.
make[1]: *** [CMakeFiles/cmTC_bf136.dir/build.make:66: CMakeFiles/cmTC_bf136.dir/CheckIncludeFile.c.o] Error 1
make[1]: Leaving directory '/home/nansan/Documents/llvm-3.7/cmake-build-debug/CMakeFiles/CMakeTmp'
make: *** [Makefile:121: cmTC_bf136/fast] Error 2



Determining if the include file histedit.h exists failed with the following output:
Change Dir: /home/nansan/Documents/llvm-3.7/cmake-build-debug/CMakeFiles/CMakeTmp

Run Build Command(s):/usr/bin/make cmTC_f60b9/fast && /usr/bin/make -f CMakeFiles/cmTC_f60b9.dir/build.make CMakeFiles/cmTC_f60b9.dir/build
make[1]: Entering directory '/home/nansan/Documents/llvm-3.7/cmake-build-debug/CMakeFiles/CMakeTmp'
Building C object CMakeFiles/cmTC_f60b9.dir/CheckIncludeFile.c.o
/usr/bin/cc    -o CMakeFiles/cmTC_f60b9.dir/CheckIncludeFile.c.o   -c /home/nansan/Documents/llvm-3.7/cmake-build-debug/CMakeFiles/CMakeTmp/CheckIncludeFile.c
/home/nansan/Documents/llvm-3.7/cmake-build-debug/CMakeFiles/CMakeTmp/CheckIncludeFile.c:1:10: fatal error: histedit.h: No such file or directory
    1 | #include <histedit.h>
      |          ^~~~~~~~~~~~
compilation terminated.
make[1]: *** [CMakeFiles/cmTC_f60b9.dir/build.make:66: CMakeFiles/cmTC_f60b9.dir/CheckIncludeFile.c.o] Error 1
make[1]: Leaving directory '/home/nansan/Documents/llvm-3.7/cmake-build-debug/CMakeFiles/CMakeTmp'
make: *** [Makefile:121: cmTC_f60b9/fast] Error 2



Determining if the function compress2 exists in the z failed with the following output:
Change Dir: /home/nansan/Documents/llvm-3.7/cmake-build-debug/CMakeFiles/CMakeTmp

Run Build Command(s):/usr/bin/make cmTC_74dec/fast && /usr/bin/make -f CMakeFiles/cmTC_74dec.dir/build.make CMakeFiles/cmTC_74dec.dir/build
make[1]: Entering directory '/home/nansan/Documents/llvm-3.7/cmake-build-debug/CMakeFiles/CMakeTmp'
Building C object CMakeFiles/cmTC_74dec.dir/CheckFunctionExists.c.o
/usr/bin/cc   -DCHECK_FUNCTION_EXISTS=compress2   -o CMakeFiles/cmTC_74dec.dir/CheckFunctionExists.c.o   -c /opt/clion/bin/cmake/linux/share/cmake-3.16/Modules/CheckFunctionExists.c
Linking C executable cmTC_74dec
/opt/clion/bin/cmake/linux/bin/cmake -E cmake_link_script CMakeFiles/cmTC_74dec.dir/link.txt --verbose=1
/usr/bin/cc  -DCHECK_FUNCTION_EXISTS=compress2    -rdynamic CMakeFiles/cmTC_74dec.dir/CheckFunctionExists.c.o  -o cmTC_74dec  -lz -lm 
/usr/bin/ld: cannot find -lz
collect2: error: ld returned 1 exit status
make[1]: *** [CMakeFiles/cmTC_74dec.dir/build.make:87: cmTC_74dec] Error 1
make[1]: Leaving directory '/home/nansan/Documents/llvm-3.7/cmake-build-debug/CMakeFiles/CMakeTmp'
make: *** [Makefile:121: cmTC_74dec/fast] Error 2



Determining if the arc4random exist failed with the following output:
Change Dir: /home/nansan/Documents/llvm-3.7/cmake-build-debug/CMakeFiles/CMakeTmp

Run Build Command(s):/usr/bin/make cmTC_cf5d2/fast && /usr/bin/make -f CMakeFiles/cmTC_cf5d2.dir/build.make CMakeFiles/cmTC_cf5d2.dir/build
make[1]: Entering directory '/home/nansan/Documents/llvm-3.7/cmake-build-debug/CMakeFiles/CMakeTmp'
Building C object CMakeFiles/cmTC_cf5d2.dir/CheckSymbolExists.c.o
/usr/bin/cc    -o CMakeFiles/cmTC_cf5d2.dir/CheckSymbolExists.c.o   -c /home/nansan/Documents/llvm-3.7/cmake-build-debug/CMakeFiles/CMakeTmp/CheckSymbolExists.c
/home/nansan/Documents/llvm-3.7/cmake-build-debug/CMakeFiles/CMakeTmp/CheckSymbolExists.c: In function ‘main’:
/home/nansan/Documents/llvm-3.7/cmake-build-debug/CMakeFiles/CMakeTmp/CheckSymbolExists.c:8:19: error: ‘arc4random’ undeclared (first use in this function); did you mean ‘srandom’?
    8 |   return ((int*)(&arc4random))[argc];
      |                   ^~~~~~~~~~
      |                   srandom
/home/nansan/Documents/llvm-3.7/cmake-build-debug/CMakeFiles/CMakeTmp/CheckSymbolExists.c:8:19: note: each undeclared identifier is reported only once for each function it appears in
make[1]: *** [CMakeFiles/cmTC_cf5d2.dir/build.make:66: CMakeFiles/cmTC_cf5d2.dir/CheckSymbolExists.c.o] Error 1
make[1]: Leaving directory '/home/nansan/Documents/llvm-3.7/cmake-build-debug/CMakeFiles/CMakeTmp'
make: *** [Makefile:121: cmTC_cf5d2/fast] Error 2


File /home/nansan/Documents/llvm-3.7/cmake-build-debug/CMakeFiles/CMakeTmp/CheckSymbolExists.c:
/* */
#include <stdlib.h>

int main(int argc, char** argv)
{
  (void)argv;
#ifndef arc4random
  return ((int*)(&arc4random))[argc];
#else
  (void)argc;
  return 0;
#endif
}
Determining if the mallctl exist failed with the following output:
Change Dir: /home/nansan/Documents/llvm-3.7/cmake-build-debug/CMakeFiles/CMakeTmp

Run Build Command(s):/usr/bin/make cmTC_dfbe2/fast && /usr/bin/make -f CMakeFiles/cmTC_dfbe2.dir/build.make CMakeFiles/cmTC_dfbe2.dir/build
make[1]: Entering directory '/home/nansan/Documents/llvm-3.7/cmake-build-debug/CMakeFiles/CMakeTmp'
Building C object CMakeFiles/cmTC_dfbe2.dir/CheckSymbolExists.c.o
/usr/bin/cc    -o CMakeFiles/cmTC_dfbe2.dir/CheckSymbolExists.c.o   -c /home/nansan/Documents/llvm-3.7/cmake-build-debug/CMakeFiles/CMakeTmp/CheckSymbolExists.c
/home/nansan/Documents/llvm-3.7/cmake-build-debug/CMakeFiles/CMakeTmp/CheckSymbolExists.c:2:10: fatal error: malloc_np.h: No such file or directory
    2 | #include <malloc_np.h>
      |          ^~~~~~~~~~~~~
compilation terminated.
make[1]: *** [CMakeFiles/cmTC_dfbe2.dir/build.make:66: CMakeFiles/cmTC_dfbe2.dir/CheckSymbolExists.c.o] Error 1
make[1]: Leaving directory '/home/nansan/Documents/llvm-3.7/cmake-build-debug/CMakeFiles/CMakeTmp'
make: *** [Makefile:121: cmTC_dfbe2/fast] Error 2


File /home/nansan/Documents/llvm-3.7/cmake-build-debug/CMakeFiles/CMakeTmp/CheckSymbolExists.c:
/* */
#include <malloc_np.h>

int main(int argc, char** argv)
{
  (void)argv;
#ifndef mallctl
  return ((int*)(&mallctl))[argc];
#else
  (void)argc;
  return 0;
#endif
}
Determining if the malloc_zone_statistics exist failed with the following output:
Change Dir: /home/nansan/Documents/llvm-3.7/cmake-build-debug/CMakeFiles/CMakeTmp

Run Build Command(s):/usr/bin/make cmTC_458c2/fast && /usr/bin/make -f CMakeFiles/cmTC_458c2.dir/build.make CMakeFiles/cmTC_458c2.dir/build
make[1]: Entering directory '/home/nansan/Documents/llvm-3.7/cmake-build-debug/CMakeFiles/CMakeTmp'
Building C object CMakeFiles/cmTC_458c2.dir/CheckSymbolExists.c.o
/usr/bin/cc    -o CMakeFiles/cmTC_458c2.dir/CheckSymbolExists.c.o   -c /home/nansan/Documents/llvm-3.7/cmake-build-debug/CMakeFiles/CMakeTmp/CheckSymbolExists.c
/home/nansan/Documents/llvm-3.7/cmake-build-debug/CMakeFiles/CMakeTmp/CheckSymbolExists.c:2:10: fatal error: malloc/malloc.h: No such file or directory
    2 | #include <malloc/malloc.h>
      |          ^~~~~~~~~~~~~~~~~
compilation terminated.
make[1]: *** [CMakeFiles/cmTC_458c2.dir/build.make:66: CMakeFiles/cmTC_458c2.dir/CheckSymbolExists.c.o] Error 1
make[1]: Leaving directory '/home/nansan/Documents/llvm-3.7/cmake-build-debug/CMakeFiles/CMakeTmp'
make: *** [Makefile:121: cmTC_458c2/fast] Error 2


File /home/nansan/Documents/llvm-3.7/cmake-build-debug/CMakeFiles/CMakeTmp/CheckSymbolExists.c:
/* */
#include <malloc/malloc.h>

int main(int argc, char** argv)
{
  (void)argv;
#ifndef malloc_zone_statistics
  return ((int*)(&malloc_zone_statistics))[argc];
#else
  (void)argc;
  return 0;
#endif
}
Determining if the strerror_s exist failed with the following output:
Change Dir: /home/nansan/Documents/llvm-3.7/cmake-build-debug/CMakeFiles/CMakeTmp

Run Build Command(s):/usr/bin/make cmTC_b3640/fast && /usr/bin/make -f CMakeFiles/cmTC_b3640.dir/build.make CMakeFiles/cmTC_b3640.dir/build
make[1]: Entering directory '/home/nansan/Documents/llvm-3.7/cmake-build-debug/CMakeFiles/CMakeTmp'
Building C object CMakeFiles/cmTC_b3640.dir/CheckSymbolExists.c.o
/usr/bin/cc    -o CMakeFiles/cmTC_b3640.dir/CheckSymbolExists.c.o   -c /home/nansan/Documents/llvm-3.7/cmake-build-debug/CMakeFiles/CMakeTmp/CheckSymbolExists.c
/home/nansan/Documents/llvm-3.7/cmake-build-debug/CMakeFiles/CMakeTmp/CheckSymbolExists.c: In function ‘main’:
/home/nansan/Documents/llvm-3.7/cmake-build-debug/CMakeFiles/CMakeTmp/CheckSymbolExists.c:8:19: error: ‘strerror_s’ undeclared (first use in this function); did you mean ‘strerror_l’?
    8 |   return ((int*)(&strerror_s))[argc];
      |                   ^~~~~~~~~~
      |                   strerror_l
/home/nansan/Documents/llvm-3.7/cmake-build-debug/CMakeFiles/CMakeTmp/CheckSymbolExists.c:8:19: note: each undeclared identifier is reported only once for each function it appears in
make[1]: *** [CMakeFiles/cmTC_b3640.dir/build.make:66: CMakeFiles/cmTC_b3640.dir/CheckSymbolExists.c.o] Error 1
make[1]: Leaving directory '/home/nansan/Documents/llvm-3.7/cmake-build-debug/CMakeFiles/CMakeTmp'
make: *** [Makefile:121: cmTC_b3640/fast] Error 2


File /home/nansan/Documents/llvm-3.7/cmake-build-debug/CMakeFiles/CMakeTmp/CheckSymbolExists.c:
/* */
#include <string.h>

int main(int argc, char** argv)
{
  (void)argv;
#ifndef strerror_s
  return ((int*)(&strerror_s))[argc];
#else
  (void)argc;
  return 0;
#endif
}
Performing C SOURCE FILE Test C_SUPPORTS_COVERED_SWITCH_DEFAULT_FLAG failed with the following output:
Change Dir: /home/nansan/Documents/llvm-3.7/cmake-build-debug/CMakeFiles/CMakeTmp

Run Build Command(s):/usr/bin/make cmTC_1712b/fast && /usr/bin/make -f CMakeFiles/cmTC_1712b.dir/build.make CMakeFiles/cmTC_1712b.dir/build
make[1]: Entering directory '/home/nansan/Documents/llvm-3.7/cmake-build-debug/CMakeFiles/CMakeTmp'
Building C object CMakeFiles/cmTC_1712b.dir/src.c.o
/usr/bin/cc   -fPIC -Wall -W -Wno-unused-parameter -Wwrite-strings -Wno-missing-field-initializers -pedantic -Wno-long-long -DC_SUPPORTS_COVERED_SWITCH_DEFAULT_FLAG   -Werror -Wcovered-switch-default -o CMakeFiles/cmTC_1712b.dir/src.c.o   -c /home/nansan/Documents/llvm-3.7/cmake-build-debug/CMakeFiles/CMakeTmp/src.c
cc: error: unrecognized command line option '-Wcovered-switch-default'; did you mean '-Wno-switch-default'?
make[1]: *** [CMakeFiles/cmTC_1712b.dir/build.make:66: CMakeFiles/cmTC_1712b.dir/src.c.o] Error 1
make[1]: Leaving directory '/home/nansan/Documents/llvm-3.7/cmake-build-debug/CMakeFiles/CMakeTmp'
make: *** [Makefile:121: cmTC_1712b/fast] Error 2


Source file was:
int main(void) { return 0; }
Performing C++ SOURCE FILE Test CXX_SUPPORTS_COVERED_SWITCH_DEFAULT_FLAG failed with the following output:
Change Dir: /home/nansan/Documents/llvm-3.7/cmake-build-debug/CMakeFiles/CMakeTmp

Run Build Command(s):/usr/bin/make cmTC_865eb/fast && /usr/bin/make -f CMakeFiles/cmTC_865eb.dir/build.make CMakeFiles/cmTC_865eb.dir/build
make[1]: Entering directory '/home/nansan/Documents/llvm-3.7/cmake-build-debug/CMakeFiles/CMakeTmp'
Building CXX object CMakeFiles/cmTC_865eb.dir/src.cxx.o
/usr/bin/c++    -fPIC -fvisibility-inlines-hidden -Wall -W -Wno-unused-parameter -Wwrite-strings -Wcast-qual -Wno-missing-field-initializers -pedantic -Wno-long-long -DCXX_SUPPORTS_COVERED_SWITCH_DEFAULT_FLAG   -Werror -Wcovered-switch-default -o CMakeFiles/cmTC_865eb.dir/src.cxx.o -c /home/nansan/Documents/llvm-3.7/cmake-build-debug/CMakeFiles/CMakeTmp/src.cxx
c++: error: unrecognized command line option '-Wcovered-switch-default'; did you mean '-Wno-switch-default'?
make[1]: *** [CMakeFiles/cmTC_865eb.dir/build.make:66: CMakeFiles/cmTC_865eb.dir/src.cxx.o] Error 1
make[1]: Leaving directory '/home/nansan/Documents/llvm-3.7/cmake-build-debug/CMakeFiles/CMakeTmp'
make: *** [Makefile:121: cmTC_865eb/fast] Error 2


Source file was:
int main() { return 0; }
Performing C SOURCE FILE Test C_WCOMMENT_ALLOWS_LINE_WRAP failed with the following output:
Change Dir: /home/nansan/Documents/llvm-3.7/cmake-build-debug/CMakeFiles/CMakeTmp

Run Build Command(s):/usr/bin/make cmTC_1645e/fast && /usr/bin/make -f CMakeFiles/cmTC_1645e.dir/build.make CMakeFiles/cmTC_1645e.dir/build
make[1]: Entering directory '/home/nansan/Documents/llvm-3.7/cmake-build-debug/CMakeFiles/CMakeTmp'
Building C object CMakeFiles/cmTC_1645e.dir/src.c.o
/usr/bin/cc   -fPIC -Wall -W -Wno-unused-parameter -Wwrite-strings -Wno-missing-field-initializers -pedantic -Wno-long-long -DC_WCOMMENT_ALLOWS_LINE_WRAP  -Werror -Wcomment   -o CMakeFiles/cmTC_1645e.dir/src.c.o   -c /home/nansan/Documents/llvm-3.7/cmake-build-debug/CMakeFiles/CMakeTmp/src.c
/home/nansan/Documents/llvm-3.7/cmake-build-debug/CMakeFiles/CMakeTmp/src.c:1:1: error: multi-line comment [-Werror=comment]
    1 | // \
      | ^
cc1: all warnings being treated as errors
make[1]: *** [CMakeFiles/cmTC_1645e.dir/build.make:66: CMakeFiles/cmTC_1645e.dir/src.c.o] Error 1
make[1]: Leaving directory '/home/nansan/Documents/llvm-3.7/cmake-build-debug/CMakeFiles/CMakeTmp'
make: *** [Makefile:121: cmTC_1645e/fast] Error 2


Source file was:
// \
//
int main() {return 0;}
Performing C++ SOURCE FILE Test CXX_SUPPORTS_NO_NESTED_ANON_TYPES_FLAG failed with the following output:
Change Dir: /home/nansan/Documents/llvm-3.7/cmake-build-debug/CMakeFiles/CMakeTmp

Run Build Command(s):/usr/bin/make cmTC_4b50b/fast && /usr/bin/make -f CMakeFiles/cmTC_4b50b.dir/build.make CMakeFiles/cmTC_4b50b.dir/build
make[1]: Entering directory '/home/nansan/Documents/llvm-3.7/cmake-build-debug/CMakeFiles/CMakeTmp'
Building CXX object CMakeFiles/cmTC_4b50b.dir/src.cxx.o
/usr/bin/c++    -fPIC -fvisibility-inlines-hidden -Wall -W -Wno-unused-parameter -Wwrite-strings -Wcast-qual -Wno-missing-field-initializers -pedantic -Wno-long-long -Wno-maybe-uninitialized -Wnon-virtual-dtor -Wno-comment -std=c++11 -fno-common -Woverloaded-virtual -fno-strict-aliasing -DCXX_SUPPORTS_NO_NESTED_ANON_TYPES_FLAG   -Werror -Wnested-anon-types -o CMakeFiles/cmTC_4b50b.dir/src.cxx.o -c /home/nansan/Documents/llvm-3.7/cmake-build-debug/CMakeFiles/CMakeTmp/src.cxx
c++: error: unrecognized command line option '-Wnested-anon-types'
make[1]: *** [CMakeFiles/cmTC_4b50b.dir/build.make:66: CMakeFiles/cmTC_4b50b.dir/src.cxx.o] Error 1
make[1]: Leaving directory '/home/nansan/Documents/llvm-3.7/cmake-build-debug/CMakeFiles/CMakeTmp'
make: *** [Makefile:121: cmTC_4b50b/fast] Error 2


Source file was:
int main() { return 0; }
